<?xml version="1.0" encoding="UTF-8"?>
<Site BuildName="(empty)"
	BuildStamp="20240925-2235-Experimental"
	Name="(empty)"
	Generator="ctest-3.26.0-rc6"
	CompilerName=""
	CompilerVersion=""
	OSName="Windows"
	Hostname="DESKTOP-GDTEOVG"
	OSRelease=" Personal"
	OSVersion=" (Build 19045)"
	OSPlatform="AMD64"
	Is64Bits="1"
	VendorString="GenuineIntel"
	VendorID="Intel Corporation"
	FamilyID="6"
	ModelID="14"
	ProcessorCacheSize="-1"
	NumberOfLogicalCPU="8"
	NumberOfPhysicalCPU="4"
	TotalVirtualMemory="31098"
	TotalPhysicalMemory="16250"
	LogicalProcessorsPerPhysical="2"
	ProcessorClockFrequency="2808"
	>
	<Testing>
		<StartDateTime>Sep 26 01:35 RTZ 2 (зима)</StartDateTime>
		<StartTestTime>1727303712</StartTestTime>
		<TestList/>
		<EndDateTime>Sep 26 01:35 RTZ 2 (зима)</EndDateTime>
		<EndTestTime>1727303712</EndTestTime>
		<ElapsedMinutes>0</ElapsedMinutes>
	</Testing>
</Site>
